<?xml version="1.0" encoding="UTF-8"?>
<testsuite xmlns:xsi="http://www.w3.org/2001/XMLSchema-instance" xsi:noNamespaceSchemaLocation="https://maven.apache.org/surefire/maven-surefire-plugin/xsd/surefire-test-report.xsd" name="testcases.Test001" time="0.012" tests="2" errors="0" skipped="0" failures="0">
  <properties>
    <property name="java.specification.version" value="21"/>
    <property name="sun.cpu.isalist" value="amd64"/>
    <property name="sun.jnu.encoding" value="GBK"/>
    <property name="java.class.path" value="E:\Futhre\PostGraduate\Software Engineering\课件\exercise\week8\continuous-integration-master\continuous-integration-master\target\test-classes;E:\Futhre\PostGraduate\Software Engineering\课件\exercise\week8\continuous-integration-master\continuous-integration-master\target\classes;C:\Users\MR\.m2\repository\org\junit\jupiter\junit-jupiter-engine\5.6.2\junit-jupiter-engine-5.6.2.jar;C:\Users\MR\.m2\repository\org\apiguardian\apiguardian-api\1.1.0\apiguardian-api-1.1.0.jar;C:\Users\MR\.m2\repository\org\junit\platform\junit-platform-engine\1.6.2\junit-platform-engine-1.6.2.jar;C:\Users\MR\.m2\repository\org\junit\jupiter\junit-jupiter-api\5.6.2\junit-jupiter-api-5.6.2.jar;C:\Users\MR\.m2\repository\org\opentest4j\opentest4j\1.2.0\opentest4j-1.2.0.jar;C:\Users\MR\.m2\repository\org\junit\platform\junit-platform-commons\1.6.2\junit-platform-commons-1.6.2.jar;"/>
    <property name="java.vm.vendor" value="Oracle Corporation"/>
    <property name="sun.arch.data.model" value="64"/>
    <property name="user.variant" value=""/>
    <property name="java.vendor.url" value="https://java.oracle.com/"/>
    <property name="user.timezone" value="Asia/Shanghai"/>
    <property name="os.name" value="Windows 11"/>
    <property name="java.vm.specification.version" value="21"/>
    <property name="sun.java.launcher" value="SUN_STANDARD"/>
    <property name="user.country" value="CN"/>
    <property name="sun.boot.library.path" value="E:\Futhre\JDK21\bin"/>
    <property name="sun.java.command" value="C:\Users\MR\AppData\Local\Temp\surefire7028761631008513223\surefirebooter8531874126568981467.jar C:\Users\MR\AppData\Local\Temp\surefire7028761631008513223 2024-10-28T19-22-13_783-jvmRun1 surefire3106360894104227405tmp surefire_016309211668856724012tmp"/>
    <property name="jdk.debug" value="release"/>
    <property name="surefire.test.class.path" value="E:\Futhre\PostGraduate\Software Engineering\课件\exercise\week8\continuous-integration-master\continuous-integration-master\target\test-classes;E:\Futhre\PostGraduate\Software Engineering\课件\exercise\week8\continuous-integration-master\continuous-integration-master\target\classes;C:\Users\MR\.m2\repository\org\junit\jupiter\junit-jupiter-engine\5.6.2\junit-jupiter-engine-5.6.2.jar;C:\Users\MR\.m2\repository\org\apiguardian\apiguardian-api\1.1.0\apiguardian-api-1.1.0.jar;C:\Users\MR\.m2\repository\org\junit\platform\junit-platform-engine\1.6.2\junit-platform-engine-1.6.2.jar;C:\Users\MR\.m2\repository\org\junit\jupiter\junit-jupiter-api\5.6.2\junit-jupiter-api-5.6.2.jar;C:\Users\MR\.m2\repository\org\opentest4j\opentest4j\1.2.0\opentest4j-1.2.0.jar;C:\Users\MR\.m2\repository\org\junit\platform\junit-platform-commons\1.6.2\junit-platform-commons-1.6.2.jar;"/>
    <property name="sun.cpu.endian" value="little"/>
    <property name="user.home" value="C:\Users\MR"/>
    <property name="user.language" value="zh"/>
    <property name="java.specification.vendor" value="Oracle Corporation"/>
    <property name="java.version.date" value="2024-04-16"/>
    <property name="java.home" value="E:\Futhre\JDK21"/>
    <property name="file.separator" value="\"/>
    <property name="basedir" value="E:\Futhre\PostGraduate\Software Engineering\课件\exercise\week8\continuous-integration-master\continuous-integration-master"/>
    <property name="java.vm.compressedOopsMode" value="Zero based"/>
    <property name="line.separator" value="&#10;"/>
    <property name="java.vm.specification.vendor" value="Oracle Corporation"/>
    <property name="java.specification.name" value="Java Platform API Specification"/>
    <property name="surefire.real.class.path" value="C:\Users\MR\AppData\Local\Temp\surefire7028761631008513223\surefirebooter8531874126568981467.jar"/>
    <property name="user.script" value=""/>
    <property name="sun.management.compiler" value="HotSpot 64-Bit Tiered Compilers"/>
    <property name="java.runtime.version" value="21.0.3+7-LTS-152"/>
    <property name="user.name" value="MR"/>
    <property name="stdout.encoding" value="GBK"/>
    <property name="path.separator" value=";"/>
    <property name="os.version" value="10.0"/>
    <property name="java.runtime.name" value="Java(TM) SE Runtime Environment"/>
    <property name="file.encoding" value="UTF-8"/>
    <property name="java.vm.name" value="Java HotSpot(TM) 64-Bit Server VM"/>
    <property name="localRepository" value="C:\Users\MR\.m2\repository"/>
    <property name="java.vendor.url.bug" value="https://bugreport.java.com/bugreport/"/>
    <property name="java.io.tmpdir" value="C:\Users\MR\AppData\Local\Temp\"/>
    <property name="idea.version" value="2023.2"/>
    <property name="java.version" value="21.0.3"/>
    <property name="user.dir" value="E:\Futhre\PostGraduate\Software Engineering\课件\exercise\week8\continuous-integration-master\continuous-integration-master"/>
    <property name="os.arch" value="amd64"/>
    <property name="java.vm.specification.name" value="Java Virtual Machine Specification"/>
    <property name="sun.os.patch.level" value=""/>
    <property name="native.encoding" value="GBK"/>
    <property name="java.library.path" value="E:\Futhre\JDK21\bin;C:\Windows\Sun\Java\bin;C:\Windows\system32;C:\Windows;E:\Futhre\Data_Cuda\bin;E:\Futhre\Data_Cuda\libnvvp;C:\Windows\system32;C:\Windows;C:\Windows\System32\Wbem;C:\Windows\System32\WindowsPowerShell\v1.0\;C:\Windows\System32\OpenSSH\;E:\Futhre\JDK21\bin;E:\Futhre\JDK21\jre\bin;E:\Futhre\mysql-8.0.31-winx64\mysql-8.0.31-winx64\bin;E:\Futhre\微信web开发者工具\dll;C:\Pro;ram Files\NVIDIA Corporation\NVIDIA NvDLISR;C:\Program Files (x86)\NVIDIA Corporation\PhysX\Common;C:\Program Files (x86)\Windows Kits\10\Windows Performance Toolkit\;E:\Futhre\Git\cmd;E:\NodeJS\;C:\Program Files\NVIDIA Corporation\Nsight Compute 2024.1.0\;C:\Users\MR\AppData\Local\Programs\Python\Python312\Scripts\;C:\Users\MR\AppData\Local\Programs\Python\Python312\;C:\Users\MR\AppData\Local\Programs\Python\Launcher\;C:\Users\MR\AppData\Local\Microsoft\WindowsApps;C:\Users\MR\AppData\Local\Programs\Microsoft VS Code\bin;E:\Anaconda3;E:\Anaconda3\Scripts;E:\Anaconda3\Library\bin;;E:\Futhre\PyCharm\PyCharm 2024.2.1\bin;;C:\Users\MR\AppData\Roaming\npm;."/>
    <property name="java.vm.info" value="mixed mode, sharing"/>
    <property name="stderr.encoding" value="GBK"/>
    <property name="java.vendor" value="Oracle Corporation"/>
    <property name="java.vm.version" value="21.0.3+7-LTS-152"/>
    <property name="sun.io.unicode.encoding" value="UnicodeLittle"/>
    <property name="java.class.version" value="65.0"/>
  </properties>
  <testcase name="testA" classname="testcases.Test001" time="0.01"/>
  <testcase name="testB" classname="testcases.Test001" time="0"/>
</testsuite>